# JRE version: OpenJDK Runtime Environment (17.0.7) (build 17.0.7+0-b2043.56-10550314)
# Java VM: OpenJDK 64-Bit Server VM (17.0.7+0-b2043.56-10550314, mixed mode, tiered, compressed oops, compressed class ptrs, g1 gc, windows-amd64)
GC Precious Log:
 CPUs: 8 total, 8 available
 Memory: 16068M
 Large Page Support: Disabled
 NUMA Support: Disabled
 Compressed Oops: Enabled (32-bit)
 Heap Region Size: 1M
 Heap Min Capacity: 8M
 Heap Initial Capacity: 252M
 Heap Max Capacity: 2G
 Pre-touch: Disabled
 Parallel Workers: 8
 Concurrent Workers: 2
 Concurrent Refinement Workers: 8
 Periodic GC: Disabled
Heap:
 garbage-first heap   total 570368K, used 145207K [0x0000000080000000, 0x0000000100000000)
  region size 1024K, 9 young (9216K), 9 survivors (9216K)
 Metaspace       used 149034K, committed 150912K, reserved 1245184K
  class space    used 19426K, committed 20352K, reserved 1048576K
GC Heap History (20 events):
Event: 4866.931 GC heap after
{Heap after GC invocations=164 (full 0):
 garbage-first heap   total 522240K, used 115197K [0x0000000080000000, 0x0000000100000000)
  region size 1024K, 4 young (4096K), 4 survivors (4096K)
 Metaspace       used 148737K, committed 150592K, reserved 1179648K
  class space    used 19425K, committed 20352K, reserved 1048576K
}
Event: 4866.949 GC heap before
{Heap before GC invocations=164 (full 0):
 garbage-first heap   total 522240K, used 121341K [0x0000000080000000, 0x0000000100000000)
  region size 1024K, 11 young (11264K), 4 survivors (4096K)
 Metaspace       used 148737K, committed 150592K, reserved 1179648K
  class space    used 19425K, committed 20352K, reserved 1048576K
}
Event: 4866.953 GC heap after
{Heap after GC invocations=165 (full 0):
 garbage-first heap   total 522240K, used 115394K [0x0000000080000000, 0x0000000100000000)
  region size 1024K, 4 young (4096K), 4 survivors (4096K)
 Metaspace       used 148737K, committed 150592K, reserved 1179648K
  class space    used 19425K, committed 20352K, reserved 1048576K
}
Event: 4888.284 GC heap before
{Heap before GC invocations=166 (full 0):
 garbage-first heap   total 485376K, used 410306K [0x0000000080000000, 0x0000000100000000)
  region size 1024K, 244 young (249856K), 4 survivors (4096K)
 Metaspace       used 148848K, committed 150720K, reserved 1179648K
  class space    used 19425K, committed 20352K, reserved 1048576K
}
Event: 4888.296 GC heap after
{Heap after GC invocations=167 (full 0):
 garbage-first heap   total 485376K, used 128356K [0x0000000080000000, 0x0000000100000000)
  region size 1024K, 17 young (17408K), 17 survivors (17408K)
 Metaspace       used 148848K, committed 150720K, reserved 1179648K
  class space    used 19425K, committed 20352K, reserved 1048576K
}
Event: 4888.324 GC heap before
{Heap before GC invocations=167 (full 0):
 garbage-first heap   total 485376K, used 134500K [0x0000000080000000, 0x0000000100000000)
  region size 1024K, 23 young (23552K), 17 survivors (17408K)
 Metaspace       used 148850K, committed 150720K, reserved 1179648K
  class space    used 19425K, committed 20352K, reserved 1048576K
}
Event: 4888.335 GC heap after
{Heap after GC invocations=168 (full 0):
 garbage-first heap   total 485376K, used 122952K [0x0000000080000000, 0x0000000100000000)
  region size 1024K, 3 young (3072K), 3 survivors (3072K)
 Metaspace       used 148850K, committed 150720K, reserved 1179648K
  class space    used 19425K, committed 20352K, reserved 1048576K
}
Event: 4888.351 GC heap before
{Heap before GC invocations=168 (full 0):
 garbage-first heap   total 485376K, used 126024K [0x0000000080000000, 0x0000000100000000)
  region size 1024K, 7 young (7168K), 3 survivors (3072K)
 Metaspace       used 148850K, committed 150720K, reserved 1179648K
  class space    used 19425K, committed 20352K, reserved 1048576K
}
Event: 4888.354 GC heap after
{Heap after GC invocations=169 (full 0):
 garbage-first heap   total 485376K, used 121688K [0x0000000080000000, 0x0000000100000000)
  region size 1024K, 2 young (2048K), 2 survivors (2048K)
 Metaspace       used 148850K, committed 150720K, reserved 1179648K
  class space    used 19425K, committed 20352K, reserved 1048576K
}
Event: 5114.774 GC heap before
{Heap before GC invocations=170 (full 0):
 garbage-first heap   total 475136K, used 411480K [0x0000000080000000, 0x0000000100000000)
  region size 1024K, 237 young (242688K), 2 survivors (2048K)
 Metaspace       used 148945K, committed 150784K, reserved 1179648K
  class space    used 19425K, committed 20352K, reserved 1048576K
}
Event: 5114.779 GC heap after
{Heap after GC invocations=171 (full 0):
 garbage-first heap   total 475136K, used 127030K [0x0000000080000000, 0x0000000100000000)
  region size 1024K, 7 young (7168K), 7 survivors (7168K)
 Metaspace       used 148945K, committed 150784K, reserved 1179648K
  class space    used 19425K, committed 20352K, reserved 1048576K
}
Event: 5114.851 GC heap before
{Heap before GC invocations=171 (full 0):
 garbage-first heap   total 475136K, used 142390K [0x0000000080000000, 0x0000000100000000)
  region size 1024K, 23 young (23552K), 7 survivors (7168K)
 Metaspace       used 148948K, committed 150784K, reserved 1179648K
  class space    used 19425K, committed 20352K, reserved 1048576K
}
Event: 5114.861 GC heap after
{Heap after GC invocations=172 (full 0):
 garbage-first heap   total 475136K, used 123304K [0x0000000080000000, 0x0000000100000000)
  region size 1024K, 2 young (2048K), 2 survivors (2048K)
 Metaspace       used 148948K, committed 150784K, reserved 1179648K
  class space    used 19425K, committed 20352K, reserved 1048576K
}
Event: 5115.540 GC heap before
{Heap before GC invocations=172 (full 0):
 garbage-first heap   total 475136K, used 166312K [0x0000000080000000, 0x0000000100000000)
  region size 1024K, 46 young (47104K), 2 survivors (2048K)
 Metaspace       used 148956K, committed 150784K, reserved 1179648K
  class space    used 19425K, committed 20352K, reserved 1048576K
}
Event: 5115.544 GC heap after
{Heap after GC invocations=173 (full 0):
 garbage-first heap   total 475136K, used 126288K [0x0000000080000000, 0x0000000100000000)
  region size 1024K, 5 young (5120K), 5 survivors (5120K)
 Metaspace       used 148956K, committed 150784K, reserved 1179648K
  class space    used 19425K, committed 20352K, reserved 1048576K
}
Event: 5628.119 GC heap before
{Heap before GC invocations=174 (full 0):
 garbage-first heap   total 475136K, used 415103K [0x0000000080000000, 0x0000000100000000)
  region size 1024K, 247 young (252928K), 5 survivors (5120K)
 Metaspace       used 149034K, committed 150912K, reserved 1245184K
  class space    used 19426K, committed 20352K, reserved 1048576K
}
Event: 5628.131 GC heap after
{Heap after GC invocations=175 (full 0):
 garbage-first heap   total 475136K, used 144289K [0x0000000080000000, 0x0000000100000000)
  region size 1024K, 25 young (25600K), 25 survivors (25600K)
 Metaspace       used 149034K, committed 150912K, reserved 1245184K
  class space    used 19426K, committed 20352K, reserved 1048576K
}
Event: 5628.133 GC heap before
{Heap before GC invocations=175 (full 0):
 garbage-first heap   total 475136K, used 145313K [0x0000000080000000, 0x0000000100000000)
  region size 1024K, 26 young (26624K), 25 survivors (25600K)
 Metaspace       used 149034K, committed 150912K, reserved 1245184K
  class space    used 19426K, committed 20352K, reserved 1048576K
}
Event: 5628.147 GC heap after
{Heap after GC invocations=176 (full 0):
 garbage-first heap   total 475136K, used 138237K [0x0000000080000000, 0x0000000100000000)
  region size 1024K, 2 young (2048K), 2 survivors (2048K)
 Metaspace       used 149034K, committed 150912K, reserved 1245184K
  class space    used 19426K, committed 20352K, reserved 1048576K
}
Event: 5628.171 GC heap before
{Heap before GC invocations=176 (full 0):
 garbage-first heap   total 475136K, used 149501K [0x0000000080000000, 0x0000000100000000)
  region size 1024K, 14 young (14336K), 2 survivors (2048K)
 Metaspace       used 149034K, committed 150912K, reserved 1245184K
  class space    used 19426K, committed 20352K, reserved 1048576K
}

