# JRE version: OpenJDK Runtime Environment (17.0.7) (build 17.0.7+0-b2043.56-10550314)
# Java VM: OpenJDK 64-Bit Server VM (17.0.7+0-b2043.56-10550314, mixed mode, tiered, compressed oops, compressed class ptrs, g1 gc, windows-amd64)
GC Precious Log:
 CPUs: 8 total, 8 available
 Memory: 16068M
 Large Page Support: Disabled
 NUMA Support: Disabled
 Compressed Oops: Enabled (32-bit)
 Heap Region Size: 1M
 Heap Min Capacity: 8M
 Heap Initial Capacity: 252M
 Heap Max Capacity: 2G
 Pre-touch: Disabled
 Parallel Workers: 8
 Concurrent Workers: 2
 Concurrent Refinement Workers: 8
 Periodic GC: Disabled
Heap:
 garbage-first heap   total 450560K, used 121997K [0x0000000080000000, 0x0000000100000000)
  region size 1024K, 4 young (4096K), 4 survivors (4096K)
 Metaspace       used 141852K, committed 143936K, reserved 1179648K
  class space    used 18847K, committed 19776K, reserved 1048576K
GC Heap History (20 events):
Event: 6324.255 GC heap after
{Heap after GC invocations=102 (full 0):
 garbage-first heap   total 450560K, used 122117K [0x0000000080000000, 0x0000000100000000)
  region size 1024K, 3 young (3072K), 3 survivors (3072K)
 Metaspace       used 141739K, committed 143488K, reserved 1179648K
  class space    used 18933K, committed 19776K, reserved 1048576K
}
Event: 6324.389 GC heap before
{Heap before GC invocations=102 (full 0):
 garbage-first heap   total 450560K, used 156933K [0x0000000080000000, 0x0000000100000000)
  region size 1024K, 38 young (38912K), 3 survivors (3072K)
 Metaspace       used 141775K, committed 143552K, reserved 1179648K
  class space    used 18933K, committed 19776K, reserved 1048576K
}
Event: 6324.403 GC heap after
{Heap after GC invocations=103 (full 0):
 garbage-first heap   total 450560K, used 140307K [0x0000000080000000, 0x0000000100000000)
  region size 1024K, 23 young (23552K), 23 survivors (23552K)
 Metaspace       used 141775K, committed 143552K, reserved 1179648K
  class space    used 18933K, committed 19776K, reserved 1048576K
}
Event: 6325.896 GC heap before
{Heap before GC invocations=104 (full 0):
 garbage-first heap   total 450560K, used 288787K [0x0000000080000000, 0x0000000100000000)
  region size 1024K, 149 young (152576K), 23 survivors (23552K)
 Metaspace       used 141396K, committed 143552K, reserved 1179648K
  class space    used 18837K, committed 19776K, reserved 1048576K
}
Event: 6325.902 GC heap after
{Heap after GC invocations=105 (full 0):
 garbage-first heap   total 450560K, used 126618K [0x0000000080000000, 0x0000000100000000)
  region size 1024K, 8 young (8192K), 8 survivors (8192K)
 Metaspace       used 141396K, committed 143552K, reserved 1179648K
  class space    used 18837K, committed 19776K, reserved 1048576K
}
Event: 6325.932 GC heap before
{Heap before GC invocations=105 (full 0):
 garbage-first heap   total 450560K, used 139930K [0x0000000080000000, 0x0000000100000000)
  region size 1024K, 22 young (22528K), 8 survivors (8192K)
 Metaspace       used 141406K, committed 143552K, reserved 1179648K
  class space    used 18837K, committed 19776K, reserved 1048576K
}
Event: 6325.943 GC heap after
{Heap after GC invocations=106 (full 0):
 garbage-first heap   total 450560K, used 117118K [0x0000000080000000, 0x0000000100000000)
  region size 1024K, 3 young (3072K), 3 survivors (3072K)
 Metaspace       used 141406K, committed 143552K, reserved 1179648K
  class space    used 18837K, committed 19776K, reserved 1048576K
}
Event: 6326.173 GC heap before
{Heap before GC invocations=106 (full 0):
 garbage-first heap   total 450560K, used 168318K [0x0000000080000000, 0x0000000100000000)
  region size 1024K, 55 young (56320K), 3 survivors (3072K)
 Metaspace       used 141504K, committed 143552K, reserved 1179648K
  class space    used 18837K, committed 19776K, reserved 1048576K
}
Event: 6326.178 GC heap after
{Heap after GC invocations=107 (full 0):
 garbage-first heap   total 450560K, used 121038K [0x0000000080000000, 0x0000000100000000)
  region size 1024K, 7 young (7168K), 7 survivors (7168K)
 Metaspace       used 141504K, committed 143552K, reserved 1179648K
  class space    used 18837K, committed 19776K, reserved 1048576K
}
Event: 6750.063 GC heap before
{Heap before GC invocations=108 (full 0):
 garbage-first heap   total 450560K, used 298190K [0x0000000080000000, 0x0000000100000000)
  region size 1024K, 167 young (171008K), 7 survivors (7168K)
 Metaspace       used 142013K, committed 143808K, reserved 1179648K
  class space    used 18899K, committed 19776K, reserved 1048576K
}
Event: 6750.071 GC heap after
{Heap after GC invocations=109 (full 0):
 garbage-first heap   total 450560K, used 122855K [0x0000000080000000, 0x0000000100000000)
  region size 1024K, 9 young (9216K), 9 survivors (9216K)
 Metaspace       used 142013K, committed 143808K, reserved 1179648K
  class space    used 18899K, committed 19776K, reserved 1048576K
}
Event: 6750.179 GC heap before
{Heap before GC invocations=109 (full 0):
 garbage-first heap   total 450560K, used 136167K [0x0000000080000000, 0x0000000100000000)
  region size 1024K, 22 young (22528K), 9 survivors (9216K)
 Metaspace       used 142045K, committed 143808K, reserved 1179648K
  class space    used 18900K, committed 19776K, reserved 1048576K
}
Event: 6750.191 GC heap after
{Heap after GC invocations=110 (full 0):
 garbage-first heap   total 450560K, used 121034K [0x0000000080000000, 0x0000000100000000)
  region size 1024K, 3 young (3072K), 3 survivors (3072K)
 Metaspace       used 142045K, committed 143808K, reserved 1179648K
  class space    used 18900K, committed 19776K, reserved 1048576K
}
Event: 6750.225 GC heap before
{Heap before GC invocations=110 (full 0):
 garbage-first heap   total 450560K, used 127178K [0x0000000080000000, 0x0000000100000000)
  region size 1024K, 11 young (11264K), 3 survivors (3072K)
 Metaspace       used 142047K, committed 143808K, reserved 1179648K
  class space    used 18900K, committed 19776K, reserved 1048576K
}
Event: 6750.230 GC heap after
{Heap after GC invocations=111 (full 0):
 garbage-first heap   total 450560K, used 121124K [0x0000000080000000, 0x0000000100000000)
  region size 1024K, 4 young (4096K), 4 survivors (4096K)
 Metaspace       used 142047K, committed 143808K, reserved 1179648K
  class space    used 18900K, committed 19776K, reserved 1048576K
}
Event: 6751.624 GC heap before
{Heap before GC invocations=112 (full 0):
 garbage-first heap   total 450560K, used 326948K [0x0000000080000000, 0x0000000100000000)
  region size 1024K, 183 young (187392K), 4 survivors (4096K)
 Metaspace       used 141831K, committed 143872K, reserved 1179648K
  class space    used 18847K, committed 19776K, reserved 1048576K
}
Event: 6751.634 GC heap after
{Heap after GC invocations=113 (full 0):
 garbage-first heap   total 450560K, used 135014K [0x0000000080000000, 0x0000000100000000)
  region size 1024K, 15 young (15360K), 15 survivors (15360K)
 Metaspace       used 141831K, committed 143872K, reserved 1179648K
  class space    used 18847K, committed 19776K, reserved 1048576K
}
Event: 6751.646 GC heap before
{Heap before GC invocations=113 (full 0):
 garbage-first heap   total 450560K, used 142182K [0x0000000080000000, 0x0000000100000000)
  region size 1024K, 22 young (22528K), 15 survivors (15360K)
 Metaspace       used 141833K, committed 143872K, reserved 1179648K
  class space    used 18847K, committed 19776K, reserved 1048576K
}
Event: 6751.657 GC heap after
{Heap after GC invocations=114 (full 0):
 garbage-first heap   total 450560K, used 121393K [0x0000000080000000, 0x0000000100000000)
  region size 1024K, 3 young (3072K), 3 survivors (3072K)
 Metaspace       used 141833K, committed 143872K, reserved 1179648K
  class space    used 18847K, committed 19776K, reserved 1048576K
}
Event: 6751.835 GC heap before
{Heap before GC invocations=114 (full 0):
 garbage-first heap   total 450560K, used 166449K [0x0000000080000000, 0x0000000100000000)
  region size 1024K, 49 young (50176K), 3 survivors (3072K)
 Metaspace       used 141852K, committed 143936K, reserved 1179648K
  class space    used 18847K, committed 19776K, reserved 1048576K
}

